<?xml version="1.0" encoding="UTF-8"?>
<!-- Generated by org.testng.reporters.JUnitReportReporter -->
<testsuite hostname="LAPTOP-S9RJLE7O" failures="0" tests="2" name="utilities.ITListener" time="7.143" errors="0" timestamp="2024-02-12T14:27:20 IST" skipped="0">
  <testcase classname="utilities.ITListener" name="testSearch1" time="3.784"/>
  <testcase classname="utilities.ITListener" name="testSearch2" time="3.359"/>
</testsuite> <!-- utilities.ITListener -->
