<?xml version="1.0" encoding="UTF-8"?>
<!-- Generated by org.testng.reporters.JUnitReportReporter -->
<testsuite hostname="LAPTOP-S9RJLE7O" failures="0" tests="3" name="utilities.ExcelUtility" time="35.816" errors="0" timestamp="2024-02-09T12:50:29 IST" skipped="0">
  <testcase classname="utilities.ExcelUtility" name="testLogin" time="21.584"/>
  <testcase classname="utilities.ExcelUtility" name="testLogin" time="1.654"/>
  <testcase classname="utilities.ExcelUtility" name="testLogin" time="12.578"/>
</testsuite> <!-- utilities.ExcelUtility -->
