<?xml version="1.0" encoding="UTF-8"?>
<!-- Generated by org.testng.reporters.JUnitReportReporter -->
<testsuite hostname="LAPTOP-S9RJLE7O" failures="0" tests="1" name="pages.LoginTest" time="13.757" errors="0" timestamp="2024-02-09T12:47:09 IST" skipped="0">
  <testcase classname="pages.LoginTest" name="testLoginSuccess" time="13.757"/>
</testsuite> <!-- pages.LoginTest -->
